<?xml version="1.0" encoding="UTF-8"?>
<robot generator="Robot 3.0.2 (Python 3.6.2 on win32)" generated="20171218 15:27:47.571">
<suite id="s1" name="Sample" source="C:\Users\nex4vgv\PycharmProjects\Robot-Framework\tests\Sample.robot">
<test id="s1-t1" name="User must sign in to check out">
<kw name="Open Browser" library="Selenium2Library">
<doc>Opens a new browser instance to the given ``url``.</doc>
<arguments>
<arg>http://beta-dot-datatest-148118.appspot.com/#!/login</arg>
<arg>chrome</arg>
</arguments>
<msg timestamp="20171218 15:27:47.809" level="INFO">Opening browser 'chrome' to base url 'http://beta-dot-datatest-148118.appspot.com/#!/login'.</msg>
<status status="PASS" starttime="20171218 15:27:47.809" endtime="20171218 15:27:52.744"></status>
</kw>
<kw name="Wait Until Page Contains" library="Selenium2Library">
<doc>Waits until ``text`` appears on current page.</doc>
<arguments>
<arg>LI for Marketing</arg>
</arguments>
<status status="PASS" starttime="20171218 15:27:52.744" endtime="20171218 15:27:52.782"></status>
</kw>
<kw name="Input Text" library="Selenium2Library">
<doc>Types the given ``text`` into text field identified by ``locator``.</doc>
<arguments>
<arg>name=email</arg>
<arg>neha.setia@pb.com</arg>
</arguments>
<msg timestamp="20171218 15:27:52.783" level="INFO">Typing text 'neha.setia@pb.com' into text field 'name=email'.</msg>
<status status="PASS" starttime="20171218 15:27:52.783" endtime="20171218 15:27:53.111"></status>
</kw>
<kw name="Input Text" library="Selenium2Library">
<doc>Types the given ``text`` into text field identified by ``locator``.</doc>
<arguments>
<arg>name=pwd</arg>
<arg>Test@123</arg>
</arguments>
<msg timestamp="20171218 15:27:53.112" level="INFO">Typing text 'Test@123' into text field 'name=pwd'.</msg>
<status status="PASS" starttime="20171218 15:27:53.111" endtime="20171218 15:27:53.281"></status>
</kw>
<kw name="Sleep" library="BuiltIn">
<doc>Pauses the test executed for the given time.</doc>
<arguments>
<arg>3s</arg>
</arguments>
<msg timestamp="20171218 15:27:56.283" level="INFO">Slept 3 seconds</msg>
<status status="PASS" starttime="20171218 15:27:53.282" endtime="20171218 15:27:56.283"></status>
</kw>
<kw name="Click Button" library="Selenium2Library">
<doc>Clicks button identified by ``locator``.</doc>
<arguments>
<arg>xpath=//BUTTON[@class='btn btn-primary btn-block btn-lg spacer-top-xs btn-pill']</arg>
</arguments>
<msg timestamp="20171218 15:27:56.283" level="INFO">Clicking button 'xpath=//BUTTON[@class='btn btn-primary btn-block btn-lg spacer-top-xs btn-pill']'.</msg>
<status status="PASS" starttime="20171218 15:27:56.283" endtime="20171218 15:27:56.462"></status>
</kw>
<kw name="Sleep" library="BuiltIn">
<doc>Pauses the test executed for the given time.</doc>
<arguments>
<arg>12s</arg>
</arguments>
<msg timestamp="20171218 15:28:08.464" level="INFO">Slept 12 seconds</msg>
<status status="PASS" starttime="20171218 15:27:56.463" endtime="20171218 15:28:08.464"></status>
</kw>
<kw name="Click Element" library="Selenium2Library">
<doc>Click element identified by ``locator``.</doc>
<arguments>
<arg>xpath=//SPAN[text()='Upload your customer data for better insights']</arg>
</arguments>
<msg timestamp="20171218 15:28:08.464" level="INFO">Clicking element 'xpath=//SPAN[text()='Upload your customer data for better insights']'.</msg>
<status status="PASS" starttime="20171218 15:28:08.464" endtime="20171218 15:28:08.746"></status>
</kw>
<kw name="Sleep" library="BuiltIn">
<doc>Pauses the test executed for the given time.</doc>
<arguments>
<arg>5s</arg>
</arguments>
<msg timestamp="20171218 15:28:13.756" level="INFO">Slept 5 seconds</msg>
<status status="PASS" starttime="20171218 15:28:08.746" endtime="20171218 15:28:13.756"></status>
</kw>
<kw name="Click Element" library="Selenium2Library">
<doc>Click element identified by ``locator``.</doc>
<arguments>
<arg>xpath=(//SPAN[@class='control-indicator'])[1]</arg>
</arguments>
<msg timestamp="20171218 15:28:13.756" level="INFO">Clicking element 'xpath=(//SPAN[@class='control-indicator'])[1]'.</msg>
<status status="PASS" starttime="20171218 15:28:13.756" endtime="20171218 15:28:13.861"></status>
</kw>
<kw name="Sleep" library="BuiltIn">
<doc>Pauses the test executed for the given time.</doc>
<arguments>
<arg>3s</arg>
</arguments>
<msg timestamp="20171218 15:28:16.867" level="INFO">Slept 3 seconds</msg>
<status status="PASS" starttime="20171218 15:28:13.862" endtime="20171218 15:28:16.867"></status>
</kw>
<kw name="Choose File" library="Selenium2Library">
<doc>Inputs the ``file_path`` into file input field ``locator``.</doc>
<arguments>
<arg>id=fileUpload</arg>
<arg>C:\\Users\\nex4vgv\\Desktop\\TestData_upload\\Canada.csv</arg>
</arguments>
<status status="PASS" starttime="20171218 15:28:16.867" endtime="20171218 15:28:16.943"></status>
</kw>
<doc>This is some basic information about the test</doc>
<tags>
<tag>Smoke</tag>
</tags>
<status status="PASS" starttime="20171218 15:27:47.808" endtime="20171218 15:28:16.943" critical="yes"></status>
</test>
<doc>Opening of Application User Interface Log In Page</doc>
<status status="PASS" starttime="20171218 15:27:47.571" endtime="20171218 15:28:16.949"></status>
</suite>
<statistics>
<total>
<stat pass="1" fail="0">Critical Tests</stat>
<stat pass="1" fail="0">All Tests</stat>
</total>
<tag>
<stat pass="1" fail="0">Smoke</stat>
</tag>
<suite>
<stat pass="1" fail="0" id="s1" name="Sample">Sample</stat>
</suite>
</statistics>
<errors>
</errors>
</robot>
