<?xml version="1.0" encoding="UTF-8"?>
<robot generator="Robot 3.0.2 (Python 3.6.2 on win32)" generated="20171213 23:29:57.213">
<suite id="s1" name="UserInterface-SignUpRegistration" source="C:\Users\nex4vgv\PycharmProjects\Robot-Framework\tests\UserInterface-SignUpRegistration.robot">
<test id="s1-t1" name="User must sign in to check out">
<kw name="Open Browser" library="Selenium2Library">
<doc>Opens a new browser instance to the given ``url``.</doc>
<arguments>
<arg>http://beta-dot-datatest-148118.appspot.com/#!/signup</arg>
<arg>chrome</arg>
</arguments>
<msg timestamp="20171213 23:29:57.456" level="INFO">Opening browser 'chrome' to base url 'http://beta-dot-datatest-148118.appspot.com/#!/signup'.</msg>
<status status="PASS" starttime="20171213 23:29:57.456" endtime="20171213 23:30:05.368"></status>
</kw>
<kw name="Wait Until Page Contains" library="Selenium2Library">
<doc>Waits until ``text`` appears on current page.</doc>
<arguments>
<arg>Sign Up</arg>
</arguments>
<status status="PASS" starttime="20171213 23:30:05.368" endtime="20171213 23:30:05.394"></status>
</kw>
<kw name="Sleep" library="BuiltIn">
<doc>Pauses the test executed for the given time.</doc>
<arguments>
<arg>3s</arg>
</arguments>
<msg timestamp="20171213 23:30:08.395" level="INFO">Slept 3 seconds</msg>
<status status="PASS" starttime="20171213 23:30:05.395" endtime="20171213 23:30:08.395"></status>
</kw>
<kw name="Input Text" library="Selenium2Library">
<doc>Types the given ``text`` into text field identified by ``locator``.</doc>
<arguments>
<arg>name=fname</arg>
<arg>sahil</arg>
</arguments>
<msg timestamp="20171213 23:30:08.396" level="INFO">Typing text 'sahil' into text field 'name=fname'.</msg>
<status status="PASS" starttime="20171213 23:30:08.396" endtime="20171213 23:30:08.565"></status>
</kw>
<kw name="Sleep" library="BuiltIn">
<doc>Pauses the test executed for the given time.</doc>
<arguments>
<arg>2s</arg>
</arguments>
<msg timestamp="20171213 23:30:10.566" level="INFO">Slept 2 seconds</msg>
<status status="PASS" starttime="20171213 23:30:08.565" endtime="20171213 23:30:10.566"></status>
</kw>
<kw name="Input Text" library="Selenium2Library">
<doc>Types the given ``text`` into text field identified by ``locator``.</doc>
<arguments>
<arg>name=lname</arg>
<arg>nagpal</arg>
</arguments>
<msg timestamp="20171213 23:30:10.567" level="INFO">Typing text 'nagpal' into text field 'name=lname'.</msg>
<status status="PASS" starttime="20171213 23:30:10.567" endtime="20171213 23:30:10.717"></status>
</kw>
<kw name="Sleep" library="BuiltIn">
<doc>Pauses the test executed for the given time.</doc>
<arguments>
<arg>2s</arg>
</arguments>
<msg timestamp="20171213 23:30:12.718" level="INFO">Slept 2 seconds</msg>
<status status="PASS" starttime="20171213 23:30:10.717" endtime="20171213 23:30:12.718"></status>
</kw>
<kw name="Input Text" library="Selenium2Library">
<doc>Types the given ``text`` into text field identified by ``locator``.</doc>
<arguments>
<arg>name=email</arg>
<arg>sahil.nagpal@pb.com</arg>
</arguments>
<msg timestamp="20171213 23:30:12.718" level="INFO">Typing text 'sahil.nagpal@pb.com' into text field 'name=email'.</msg>
<status status="PASS" starttime="20171213 23:30:12.718" endtime="20171213 23:30:13.023"></status>
</kw>
<kw name="Sleep" library="BuiltIn">
<doc>Pauses the test executed for the given time.</doc>
<arguments>
<arg>2s</arg>
</arguments>
<msg timestamp="20171213 23:30:15.033" level="INFO">Slept 2 seconds</msg>
<status status="PASS" starttime="20171213 23:30:13.024" endtime="20171213 23:30:15.033"></status>
</kw>
<kw name="Input Text" library="Selenium2Library">
<doc>Types the given ``text`` into text field identified by ``locator``.</doc>
<arguments>
<arg>name=companyName</arg>
<arg>Yonex</arg>
</arguments>
<msg timestamp="20171213 23:30:15.033" level="INFO">Typing text 'Yonex' into text field 'name=companyName'.</msg>
<status status="PASS" starttime="20171213 23:30:15.033" endtime="20171213 23:30:15.274"></status>
</kw>
<kw name="Sleep" library="BuiltIn">
<doc>Pauses the test executed for the given time.</doc>
<arguments>
<arg>2s</arg>
</arguments>
<msg timestamp="20171213 23:30:17.275" level="INFO">Slept 2 seconds</msg>
<status status="PASS" starttime="20171213 23:30:15.275" endtime="20171213 23:30:17.275"></status>
</kw>
<kw name="Input Text" library="Selenium2Library">
<doc>Types the given ``text`` into text field identified by ``locator``.</doc>
<arguments>
<arg>name=pw</arg>
<arg>Test@123</arg>
</arguments>
<msg timestamp="20171213 23:30:17.275" level="INFO">Typing text 'Test@123' into text field 'name=pw'.</msg>
<status status="PASS" starttime="20171213 23:30:17.275" endtime="20171213 23:30:17.457"></status>
</kw>
<kw name="Sleep" library="BuiltIn">
<doc>Pauses the test executed for the given time.</doc>
<arguments>
<arg>2s</arg>
</arguments>
<msg timestamp="20171213 23:30:19.459" level="INFO">Slept 2 seconds</msg>
<status status="PASS" starttime="20171213 23:30:17.457" endtime="20171213 23:30:19.459"></status>
</kw>
<kw name="Input Text" library="Selenium2Library">
<doc>Types the given ``text`` into text field identified by ``locator``.</doc>
<arguments>
<arg>name=confoirmpw</arg>
<arg>Test@123</arg>
</arguments>
<msg timestamp="20171213 23:30:19.459" level="INFO">Typing text 'Test@123' into text field 'name=confoirmpw'.</msg>
<status status="PASS" starttime="20171213 23:30:19.459" endtime="20171213 23:30:19.659"></status>
</kw>
<kw name="Sleep" library="BuiltIn">
<doc>Pauses the test executed for the given time.</doc>
<arguments>
<arg>3s</arg>
</arguments>
<msg timestamp="20171213 23:30:22.668" level="INFO">Slept 3 seconds</msg>
<status status="PASS" starttime="20171213 23:30:19.659" endtime="20171213 23:30:22.668"></status>
</kw>
<kw name="Click Button" library="Selenium2Library">
<doc>Clicks button identified by ``locator``.</doc>
<arguments>
<arg>xpath=//BUTTON[@class='btn btn-primary btn-block btn-lg']</arg>
</arguments>
<msg timestamp="20171213 23:30:22.668" level="INFO">Clicking button 'xpath=//BUTTON[@class='btn btn-primary btn-block btn-lg']'.</msg>
<status status="PASS" starttime="20171213 23:30:22.668" endtime="20171213 23:30:22.805"></status>
</kw>
<doc>Sign Up AutoTexting</doc>
<tags>
<tag>Smoke</tag>
</tags>
<status status="PASS" starttime="20171213 23:29:57.456" endtime="20171213 23:30:22.805" critical="yes"></status>
</test>
<doc>Opening of Application User Interface for Sign Up registration.</doc>
<status status="PASS" starttime="20171213 23:29:57.223" endtime="20171213 23:30:22.808"></status>
</suite>
<statistics>
<total>
<stat pass="1" fail="0">Critical Tests</stat>
<stat pass="1" fail="0">All Tests</stat>
</total>
<tag>
<stat pass="1" fail="0">Smoke</stat>
</tag>
<suite>
<stat pass="1" fail="0" id="s1" name="UserInterface-SignUpRegistration">UserInterface-SignUpRegistration</stat>
</suite>
</statistics>
<errors>
</errors>
</robot>
